<?xml version="1.0" encoding="UTF-8"?>
<!-- Generated by org.testng.reporters.JUnitXMLReporter -->
<testsuite ignored="0" hostname="DESKTOP-0UM53C8" failures="1" tests="2" name="Test Edge" time="20.775" errors="0" timestamp="2026-06-20T12:07:23 IST">
  <testcase classname="TestCases.MouseHovers" name="testActionsMouseHovers" time="4.155">
    <failure type="java.lang.AssertionError" message="expected [true] but found [false]">
      <![CDATA[java.lang.AssertionError: expected [true] but found [false]
at TestCases.MouseHovers.testActionsMouseHovers(MouseHovers.java:56)
at java.base/java.util.ArrayList.forEach(ArrayList.java:1604)
... Removed 29 stack frames]]>
    </failure>
  </testcase> <!-- testActionsMouseHovers -->
  <testcase classname="TestCases.MouseHovers" name="testKeyPresses" time="10.699"/>
</testsuite> <!-- Test Edge -->
