<?xml version="1.0" encoding="UTF-8"?>
<!-- Generated by org.testng.reporters.JUnitXMLReporter -->
<testsuite ignored="0" hostname="DESKTOP-0UM53C8" failures="0" tests="3" name="Test" time="32.709" errors="0" timestamp="2026-03-16T20:46:02 IST">
  <testcase classname="TestCases.OrangeHRMLogin" name="clickOnAdmin" time="14.761"/>
  <testcase classname="TestCases.OrangeHRMLogin" name="printSomething" time="0.003"/>
  <testcase classname="TestCases.OrangeHRM1" name="TestDemo" time="0.003"/>
</testsuite> <!-- Test -->
