<?xml version="1.0" encoding="UTF-8"?>
<!-- Generated by org.testng.reporters.JUnitXMLReporter -->
<testsuite ignored="1" hostname="DESKTOP-0UM53C8" failures="0" tests="1" name="Test Chrome" time="32.763" errors="0" timestamp="2026-04-08T17:10:55 IST">
  <testcase classname="TestCases.MouseHovers" name="testActionsMouseHovers" time="19.287"/>
  <testcase classname="TestCases.MouseHovers" name="testKeyPresses" time="0.0">
    <ignored/>
  </testcase> <!-- testKeyPresses -->
</testsuite> <!-- Test Chrome -->
