<?xml version="1.0" encoding="UTF-8"?>
<!-- Generated by org.testng.reporters.JUnitXMLReporter -->
<testsuite ignored="0" hostname="DESKTOP-0UM53C8" failures="1" tests="4" name="Test Edge" time="42.858" errors="0" timestamp="2026-06-20T16:03:21 IST">
  <testcase classname="TestCases.MouseHovers" name="testActionsMouseHovers" time="6.52">
    <skipped/>
  </testcase> <!-- testActionsMouseHovers -->
  <testcase classname="TestCases.MouseHovers" name="testActionsMouseHovers" time="6.266">
    <skipped/>
  </testcase> <!-- testActionsMouseHovers -->
  <testcase classname="TestCases.MouseHovers" name="testActionsMouseHovers" time="6.188">
    <failure type="java.lang.AssertionError" message="expected [true] but found [false]">
      <![CDATA[java.lang.AssertionError: expected [true] but found [false]
at TestCases.MouseHovers.testActionsMouseHovers(MouseHovers.java:56)
at java.base/java.util.ArrayList.forEach(ArrayList.java:1604)
... Removed 33 stack frames]]>
    </failure>
  </testcase> <!-- testActionsMouseHovers -->
  <testcase classname="TestCases.MouseHovers" name="testKeyPresses" time="16.606"/>
</testsuite> <!-- Test Edge -->
