<?xml version="1.0" encoding="UTF-8"?>
<!-- Generated by org.testng.reporters.JUnitReportReporter -->
<testsuite hostname="DESKTOP-0UM53C8" failures="0" tests="3" name="TestCases.BasicAuthTestCase" time="45.897" errors="0" timestamp="2026-04-09T09:52:06 IST" skipped="0">
  <testcase classname="TestCases.BasicAuthTestCase" name="testBasicAuthUsingRobot" time="18.548"/>
  <testcase classname="TestCases.BasicAuthTestCase" name="testBasicAuthUsingURL" time="10.814"/>
  <testcase classname="TestCases.BasicAuthTestCase" name="testBasicAuthUsingAutoIT" time="16.535"/>
</testsuite> <!-- TestCases.BasicAuthTestCase -->
