<?xml version="1.0" encoding="UTF-8"?>
<!-- Generated by org.testng.reporters.JUnitReportReporter -->
<testsuite hostname="DESKTOP-0UM53C8" failures="0" tests="2" name="TestCases.OrangeHRMAssignLeaveTime" time="0.663" errors="1" timestamp="2026-03-17T13:46:57 IST" skipped="1">
  <testcase classname="TestCases.OrangeHRMAssignLeaveTime" name="OrangeHRMAssignLeaveTime" time="0.663">
    <error message="TestCaseId &#039;OrangeHRMAssignLeaveTime&#039; not found in sheet" type="java.lang.RuntimeException">
      <![CDATA[java.lang.RuntimeException: TestCaseId 'OrangeHRMAssignLeaveTime' not found in sheet
at Utility.ExcelUtily.getUsername(ExcelUtily.java:88)
at TestCases.OrangeHRMAssignLeaveTime.OrangeHRMAssignLeaveTime(OrangeHRMAssignLeaveTime.java:28)
at java.base/jdk.internal.reflect.DirectMethodHandleAccessor.invoke(DirectMethodHandleAccessor.java:104)
at java.base/java.lang.reflect.Method.invoke(Method.java:565)
at org.testng.internal.invokers.MethodInvocationHelper.invokeMethod(MethodInvocationHelper.java:141)
at org.testng.internal.invokers.MethodInvocationHelper.invokeMethodConsideringTimeout(MethodInvocationHelper.java:71)
at org.testng.internal.invokers.ConfigInvoker.invokeConfigurationMethod(ConfigInvoker.java:400)
at org.testng.internal.invokers.ConfigInvoker.invokeConfigurations(ConfigInvoker.java:333)
at org.testng.internal.invokers.TestMethodWorker.invokeBeforeClassMethods(TestMethodWorker.java:188)
at org.testng.internal.invokers.TestMethodWorker.run(TestMethodWorker.java:128)
at java.base/java.util.ArrayList.forEach(ArrayList.java:1604)
at org.testng.TestRunner.privateRun(TestRunner.java:741)
at org.testng.TestRunner.run(TestRunner.java:616)
at org.testng.SuiteRunner.runTest(SuiteRunner.java:421)
at org.testng.SuiteRunner.runSequentially(SuiteRunner.java:413)
at org.testng.SuiteRunner.privateRun(SuiteRunner.java:373)
at org.testng.SuiteRunner.run(SuiteRunner.java:312)
at org.testng.SuiteRunnerWorker.runSuite(SuiteRunnerWorker.java:52)
at org.testng.SuiteRunnerWorker.run(SuiteRunnerWorker.java:95)
at org.testng.TestNG.runSuitesSequentially(TestNG.java:1274)
at org.testng.TestNG.runSuitesLocally(TestNG.java:1208)
at org.testng.TestNG.runSuites(TestNG.java:1112)
at org.testng.TestNG.run(TestNG.java:1079)
at org.testng.remote.AbstractRemoteTestNG.run(AbstractRemoteTestNG.java:115)
at org.testng.remote.RemoteTestNG.initAndRun(RemoteTestNG.java:293)
at org.testng.remote.RemoteTestNG.main(RemoteTestNG.java:91)
]]>
    </error>
  </testcase> <!-- OrangeHRMAssignLeaveTime -->
  <testcase classname="TestCases.OrangeHRMAssignLeaveTime" name="ValidateAssignLeave" time="0.000">
    <skipped/>
  </testcase> <!-- ValidateAssignLeave -->
</testsuite> <!-- TestCases.OrangeHRMAssignLeaveTime -->
