<?xml version="1.0" encoding="UTF-8"?>
<!-- Generated by org.testng.reporters.JUnitReportReporter -->
<testsuite hostname="DESKTOP-0UM53C8" failures="0" tests="2" name="TestCases.OrangeHRMLeaveTime" time="0.540" errors="1" timestamp="2026-03-17T13:49:57 IST" skipped="1">
  <testcase classname="TestCases.OrangeHRMLeaveTime" name="OrangeHRMLeaveTime" time="0.540">
    <error message="TestCaseId &#039;OrangeHRMLeaveTime&#039; not found in sheet" type="java.lang.RuntimeException">
      <![CDATA[java.lang.RuntimeException: TestCaseId 'OrangeHRMLeaveTime' not found in sheet
at Utility.ExcelUtily.getUsername(ExcelUtily.java:88)
at TestCases.OrangeHRMLeaveTime.OrangeHRMLeaveTime(OrangeHRMLeaveTime.java:28)
at java.base/jdk.internal.reflect.DirectMethodHandleAccessor.invoke(DirectMethodHandleAccessor.java:104)
at java.base/java.lang.reflect.Method.invoke(Method.java:565)
at org.testng.internal.invokers.MethodInvocationHelper.invokeMethod(MethodInvocationHelper.java:141)
at org.testng.internal.invokers.MethodInvocationHelper.invokeMethodConsideringTimeout(MethodInvocationHelper.java:71)
at org.testng.internal.invokers.ConfigInvoker.invokeConfigurationMethod(ConfigInvoker.java:400)
at org.testng.internal.invokers.ConfigInvoker.invokeConfigurations(ConfigInvoker.java:333)
at org.testng.internal.invokers.TestMethodWorker.invokeBeforeClassMethods(TestMethodWorker.java:188)
at org.testng.internal.invokers.TestMethodWorker.run(TestMethodWorker.java:128)
at java.base/java.util.concurrent.Executors$RunnableAdapter.call(Executors.java:545)
at java.base/java.util.concurrent.FutureTask.run(FutureTask.java:328)
at org.testng.internal.thread.graph.TestNGFutureTask.run(TestNGFutureTask.java:22)
at java.base/java.util.concurrent.ThreadPoolExecutor.runWorker(ThreadPoolExecutor.java:1090)
at java.base/java.util.concurrent.ThreadPoolExecutor$Worker.run(ThreadPoolExecutor.java:614)
at java.base/java.lang.Thread.run(Thread.java:1474)
]]>
    </error>
  </testcase> <!-- OrangeHRMLeaveTime -->
  <testcase classname="TestCases.OrangeHRMLeaveTime" name="ValidateAssignLeave" time="0.000">
    <skipped/>
  </testcase> <!-- ValidateAssignLeave -->
</testsuite> <!-- TestCases.OrangeHRMLeaveTime -->
