<?xml version="1.0" encoding="UTF-8"?>
<!-- Generated by org.testng.reporters.JUnitReportReporter -->
<testsuite hostname="DESKTOP-0UM53C8" failures="0" tests="2" name="TestCases.OrangeHRM1" time="0.002" errors="0" timestamp="2026-03-16T20:50:45 IST" skipped="1">
  <testcase classname="TestCases.OrangeHRM1" name="TestDemo" time="0.002"/>
  <testcase classname="TestCases.OrangeHRM1" name="TestDemo" time="0.000">
    <skipped/>
  </testcase> <!-- TestDemo -->
</testsuite> <!-- TestCases.OrangeHRM1 -->
