<?xml version="1.0" encoding="UTF-8"?>
<!-- Generated by org.testng.reporters.JUnitReportReporter -->
<testsuite hostname="DESKTOP-0UM53C8" failures="0" tests="3" name="TestCases.FileUpload" time="40.664" errors="0" timestamp="2026-04-09T16:21:23 IST" skipped="0">
  <testcase classname="TestCases.FileUpload" name="fileUpload" time="16.533"/>
  <testcase classname="TestCases.FileUpload" name="fileUploadUsingRobot" time="13.805"/>
  <testcase classname="TestCases.FileUpload" name="fileDownload" time="10.326"/>
</testsuite> <!-- TestCases.FileUpload -->
